

Started GET "/" for 127.0.0.1 at 2015-07-23 22:01:46 -0400
Processing by Rails::WelcomeController#index as HTML
  Rendered /usr/local/rvm/gems/ruby-2.0.0-p643/gems/railties-4.1.9/lib/rails/templates/rails/welcome/index.html.erb (1.5ms)
Completed 200 OK in 15ms (Views: 5.6ms | ActiveRecord: 0.0ms)


Started GET "/" for 127.0.0.1 at 2015-07-23 22:03:24 -0400
Processing by Rails::WelcomeController#index as HTML
  Rendered /usr/local/rvm/gems/ruby-2.0.0-p643/gems/railties-4.1.9/lib/rails/templates/rails/welcome/index.html.erb (1.2ms)
Completed 200 OK in 13ms (Views: 5.3ms | ActiveRecord: 0.0ms)


Started GET "/" for 127.0.0.1 at 2015-07-23 22:25:45 -0400
Processing by Rails::WelcomeController#index as HTML
  Rendered /usr/local/rvm/gems/ruby-2.0.0-p643/gems/railties-4.1.9/lib/rails/templates/rails/welcome/index.html.erb (0.1ms)
Completed 200 OK in 2ms (Views: 1.1ms | ActiveRecord: 0.0ms)


Started GET "/movies" for 127.0.0.1 at 2015-07-23 22:25:58 -0400

ActionController::RoutingError (No route matches [GET] "/movies"):
  actionpack (4.1.9) lib/action_dispatch/middleware/debug_exceptions.rb:21:in `call'
  actionpack (4.1.9) lib/action_dispatch/middleware/show_exceptions.rb:30:in `call'
  railties (4.1.9) lib/rails/rack/logger.rb:38:in `call_app'
  railties (4.1.9) lib/rails/rack/logger.rb:20:in `block in call'
  activesupport (4.1.9) lib/active_support/tagged_logging.rb:68:in `block in tagged'
  activesupport (4.1.9) lib/active_support/tagged_logging.rb:26:in `tagged'
  activesupport (4.1.9) lib/active_support/tagged_logging.rb:68:in `tagged'
  railties (4.1.9) lib/rails/rack/logger.rb:20:in `call'
  actionpack (4.1.9) lib/action_dispatch/middleware/request_id.rb:21:in `call'
  rack (1.5.5) lib/rack/methodoverride.rb:21:in `call'
  rack (1.5.5) lib/rack/runtime.rb:17:in `call'
  activesupport (4.1.9) lib/active_support/cache/strategy/local_cache_middleware.rb:26:in `call'
  rack (1.5.5) lib/rack/lock.rb:17:in `call'
  actionpack (4.1.9) lib/action_dispatch/middleware/static.rb:84:in `call'
  rack (1.5.5) lib/rack/sendfile.rb:112:in `call'
  railties (4.1.9) lib/rails/engine.rb:514:in `call'
  railties (4.1.9) lib/rails/application.rb:144:in `call'
  rack (1.5.5) lib/rack/lock.rb:17:in `call'
  rack (1.5.5) lib/rack/content_length.rb:14:in `call'
  rack (1.5.5) lib/rack/handler/webrick.rb:60:in `service'
  /usr/local/rvm/rubies/ruby-2.0.0-p643/lib/ruby/2.0.0/webrick/httpserver.rb:138:in `service'
  /usr/local/rvm/rubies/ruby-2.0.0-p643/lib/ruby/2.0.0/webrick/httpserver.rb:94:in `run'
  /usr/local/rvm/rubies/ruby-2.0.0-p643/lib/ruby/2.0.0/webrick/server.rb:295:in `block in start_thread'


  Rendered /usr/local/rvm/gems/ruby-2.0.0-p643/gems/actionpack-4.1.9/lib/action_dispatch/middleware/templates/rescues/_trace.html.erb (1.1ms)
  Rendered /usr/local/rvm/gems/ruby-2.0.0-p643/gems/actionpack-4.1.9/lib/action_dispatch/middleware/templates/routes/_table.html.erb (4.7ms)
  Rendered /usr/local/rvm/gems/ruby-2.0.0-p643/gems/actionpack-4.1.9/lib/action_dispatch/middleware/templates/rescues/routing_error.html.erb within rescues/layout (19.1ms)


Started GET "/movies" for 127.0.0.1 at 2015-07-23 22:29:25 -0400

ActionController::RoutingError (uninitialized constant MoviesController):
  activesupport (4.1.9) lib/active_support/inflector/methods.rb:238:in `const_get'
  activesupport (4.1.9) lib/active_support/inflector/methods.rb:238:in `block in constantize'
  activesupport (4.1.9) lib/active_support/inflector/methods.rb:236:in `each'
  activesupport (4.1.9) lib/active_support/inflector/methods.rb:236:in `inject'
  activesupport (4.1.9) lib/active_support/inflector/methods.rb:236:in `constantize'
  actionpack (4.1.9) lib/action_dispatch/routing/route_set.rb:78:in `controller_reference'
  actionpack (4.1.9) lib/action_dispatch/routing/route_set.rb:68:in `controller'
  actionpack (4.1.9) lib/action_dispatch/routing/route_set.rb:46:in `call'
  actionpack (4.1.9) lib/action_dispatch/journey/router.rb:73:in `block in call'
  actionpack (4.1.9) lib/action_dispatch/journey/router.rb:59:in `each'
  actionpack (4.1.9) lib/action_dispatch/journey/router.rb:59:in `call'
  actionpack (4.1.9) lib/action_dispatch/routing/route_set.rb:685:in `call'
  rack (1.5.5) lib/rack/etag.rb:23:in `call'
  rack (1.5.5) lib/rack/conditionalget.rb:25:in `call'
  rack (1.5.5) lib/rack/head.rb:11:in `call'
  actionpack (4.1.9) lib/action_dispatch/middleware/params_parser.rb:27:in `call'
  actionpack (4.1.9) lib/action_dispatch/middleware/flash.rb:254:in `call'
  rack (1.5.5) lib/rack/session/abstract/id.rb:225:in `context'
  rack (1.5.5) lib/rack/session/abstract/id.rb:220:in `call'
  actionpack (4.1.9) lib/action_dispatch/middleware/cookies.rb:562:in `call'
  activerecord (4.1.9) lib/active_record/query_cache.rb:36:in `call'
  activerecord (4.1.9) lib/active_record/connection_adapters/abstract/connection_pool.rb:621:in `call'
  activerecord (4.1.9) lib/active_record/migration.rb:380:in `call'
  actionpack (4.1.9) lib/action_dispatch/middleware/callbacks.rb:29:in `block in call'
  activesupport (4.1.9) lib/active_support/callbacks.rb:82:in `run_callbacks'
  actionpack (4.1.9) lib/action_dispatch/middleware/callbacks.rb:27:in `call'
  actionpack (4.1.9) lib/action_dispatch/middleware/reloader.rb:73:in `call'
  actionpack (4.1.9) lib/action_dispatch/middleware/remote_ip.rb:76:in `call'
  actionpack (4.1.9) lib/action_dispatch/middleware/debug_exceptions.rb:17:in `call'
  actionpack (4.1.9) lib/action_dispatch/middleware/show_exceptions.rb:30:in `call'
  railties (4.1.9) lib/rails/rack/logger.rb:38:in `call_app'
  railties (4.1.9) lib/rails/rack/logger.rb:20:in `block in call'
  activesupport (4.1.9) lib/active_support/tagged_logging.rb:68:in `block in tagged'
  activesupport (4.1.9) lib/active_support/tagged_logging.rb:26:in `tagged'
  activesupport (4.1.9) lib/active_support/tagged_logging.rb:68:in `tagged'
  railties (4.1.9) lib/rails/rack/logger.rb:20:in `call'
  actionpack (4.1.9) lib/action_dispatch/middleware/request_id.rb:21:in `call'
  rack (1.5.5) lib/rack/methodoverride.rb:21:in `call'
  rack (1.5.5) lib/rack/runtime.rb:17:in `call'
  activesupport (4.1.9) lib/active_support/cache/strategy/local_cache_middleware.rb:26:in `call'
  rack (1.5.5) lib/rack/lock.rb:17:in `call'
  actionpack (4.1.9) lib/action_dispatch/middleware/static.rb:84:in `call'
  rack (1.5.5) lib/rack/sendfile.rb:112:in `call'
  railties (4.1.9) lib/rails/engine.rb:514:in `call'
  railties (4.1.9) lib/rails/application.rb:144:in `call'
  rack (1.5.5) lib/rack/lock.rb:17:in `call'
  rack (1.5.5) lib/rack/content_length.rb:14:in `call'
  rack (1.5.5) lib/rack/handler/webrick.rb:60:in `service'
  /usr/local/rvm/rubies/ruby-2.0.0-p643/lib/ruby/2.0.0/webrick/httpserver.rb:138:in `service'
  /usr/local/rvm/rubies/ruby-2.0.0-p643/lib/ruby/2.0.0/webrick/httpserver.rb:94:in `run'
  /usr/local/rvm/rubies/ruby-2.0.0-p643/lib/ruby/2.0.0/webrick/server.rb:295:in `block in start_thread'


  Rendered /usr/local/rvm/gems/ruby-2.0.0-p643/gems/actionpack-4.1.9/lib/action_dispatch/middleware/templates/rescues/_trace.html.erb (1.0ms)
  Rendered /usr/local/rvm/gems/ruby-2.0.0-p643/gems/actionpack-4.1.9/lib/action_dispatch/middleware/templates/routes/_route.html.erb (0.9ms)
  Rendered /usr/local/rvm/gems/ruby-2.0.0-p643/gems/actionpack-4.1.9/lib/action_dispatch/middleware/templates/routes/_table.html.erb (1.1ms)
  Rendered /usr/local/rvm/gems/ruby-2.0.0-p643/gems/actionpack-4.1.9/lib/action_dispatch/middleware/templates/rescues/routing_error.html.erb within rescues/layout (16.6ms)


Started GET "/movies" for 127.0.0.1 at 2015-07-23 22:29:44 -0400

AbstractController::ActionNotFound (The action 'index' could not be found for MoviesController):
  actionpack (4.1.9) lib/abstract_controller/base.rb:131:in `process'
  actionview (4.1.9) lib/action_view/rendering.rb:30:in `process'
  actionpack (4.1.9) lib/action_controller/metal.rb:196:in `dispatch'
  actionpack (4.1.9) lib/action_controller/metal/rack_delegation.rb:13:in `dispatch'
  actionpack (4.1.9) lib/action_controller/metal.rb:232:in `block in action'
  actionpack (4.1.9) lib/action_dispatch/routing/route_set.rb:82:in `call'
  actionpack (4.1.9) lib/action_dispatch/routing/route_set.rb:82:in `dispatch'
  actionpack (4.1.9) lib/action_dispatch/routing/route_set.rb:50:in `call'
  actionpack (4.1.9) lib/action_dispatch/journey/router.rb:73:in `block in call'
  actionpack (4.1.9) lib/action_dispatch/journey/router.rb:59:in `each'
  actionpack (4.1.9) lib/action_dispatch/journey/router.rb:59:in `call'
  actionpack (4.1.9) lib/action_dispatch/routing/route_set.rb:685:in `call'
  rack (1.5.5) lib/rack/etag.rb:23:in `call'
  rack (1.5.5) lib/rack/conditionalget.rb:25:in `call'
  rack (1.5.5) lib/rack/head.rb:11:in `call'
  actionpack (4.1.9) lib/action_dispatch/middleware/params_parser.rb:27:in `call'
  actionpack (4.1.9) lib/action_dispatch/middleware/flash.rb:254:in `call'
  rack (1.5.5) lib/rack/session/abstract/id.rb:225:in `context'
  rack (1.5.5) lib/rack/session/abstract/id.rb:220:in `call'
  actionpack (4.1.9) lib/action_dispatch/middleware/cookies.rb:562:in `call'
  activerecord (4.1.9) lib/active_record/query_cache.rb:36:in `call'
  activerecord (4.1.9) lib/active_record/connection_adapters/abstract/connection_pool.rb:621:in `call'
  activerecord (4.1.9) lib/active_record/migration.rb:380:in `call'
  actionpack (4.1.9) lib/action_dispatch/middleware/callbacks.rb:29:in `block in call'
  activesupport (4.1.9) lib/active_support/callbacks.rb:82:in `run_callbacks'
  actionpack (4.1.9) lib/action_dispatch/middleware/callbacks.rb:27:in `call'
  actionpack (4.1.9) lib/action_dispatch/middleware/reloader.rb:73:in `call'
  actionpack (4.1.9) lib/action_dispatch/middleware/remote_ip.rb:76:in `call'
  actionpack (4.1.9) lib/action_dispatch/middleware/debug_exceptions.rb:17:in `call'
  actionpack (4.1.9) lib/action_dispatch/middleware/show_exceptions.rb:30:in `call'
  railties (4.1.9) lib/rails/rack/logger.rb:38:in `call_app'
  railties (4.1.9) lib/rails/rack/logger.rb:20:in `block in call'
  activesupport (4.1.9) lib/active_support/tagged_logging.rb:68:in `block in tagged'
  activesupport (4.1.9) lib/active_support/tagged_logging.rb:26:in `tagged'
  activesupport (4.1.9) lib/active_support/tagged_logging.rb:68:in `tagged'
  railties (4.1.9) lib/rails/rack/logger.rb:20:in `call'
  actionpack (4.1.9) lib/action_dispatch/middleware/request_id.rb:21:in `call'
  rack (1.5.5) lib/rack/methodoverride.rb:21:in `call'
  rack (1.5.5) lib/rack/runtime.rb:17:in `call'
  activesupport (4.1.9) lib/active_support/cache/strategy/local_cache_middleware.rb:26:in `call'
  rack (1.5.5) lib/rack/lock.rb:17:in `call'
  actionpack (4.1.9) lib/action_dispatch/middleware/static.rb:84:in `call'
  rack (1.5.5) lib/rack/sendfile.rb:112:in `call'
  railties (4.1.9) lib/rails/engine.rb:514:in `call'
  railties (4.1.9) lib/rails/application.rb:144:in `call'
  rack (1.5.5) lib/rack/lock.rb:17:in `call'
  rack (1.5.5) lib/rack/content_length.rb:14:in `call'
  rack (1.5.5) lib/rack/handler/webrick.rb:60:in `service'
  /usr/local/rvm/rubies/ruby-2.0.0-p643/lib/ruby/2.0.0/webrick/httpserver.rb:138:in `service'
  /usr/local/rvm/rubies/ruby-2.0.0-p643/lib/ruby/2.0.0/webrick/httpserver.rb:94:in `run'
  /usr/local/rvm/rubies/ruby-2.0.0-p643/lib/ruby/2.0.0/webrick/server.rb:295:in `block in start_thread'


  Rendered /usr/local/rvm/gems/ruby-2.0.0-p643/gems/actionpack-4.1.9/lib/action_dispatch/middleware/templates/rescues/unknown_action.html.erb within rescues/layout (0.5ms)


Started GET "/movies" for 127.0.0.1 at 2015-07-23 22:30:03 -0400
Processing by MoviesController#index as HTML
Completed 500 Internal Server Error in 2ms

ActionView::MissingTemplate (Missing template movies/index, application/index with {:locale=>[:en], :formats=>[:html], :variants=>[], :handlers=>[:erb, :builder, :raw, :ruby, :coffee, :jbuilder]}. Searched in:
  * "/Users/colinschultz/Desktop/rails_studio/flix/app/views"
):
  actionview (4.1.9) lib/action_view/path_set.rb:46:in `find'
  actionview (4.1.9) lib/action_view/lookup_context.rb:124:in `find'
  actionview (4.1.9) lib/action_view/renderer/abstract_renderer.rb:18:in `find_template'
  actionview (4.1.9) lib/action_view/renderer/template_renderer.rb:41:in `determine_template'
  actionview (4.1.9) lib/action_view/renderer/template_renderer.rb:8:in `render'
  actionview (4.1.9) lib/action_view/renderer/renderer.rb:42:in `render_template'
  actionview (4.1.9) lib/action_view/renderer/renderer.rb:23:in `render'
  actionview (4.1.9) lib/action_view/rendering.rb:99:in `_render_template'
  actionpack (4.1.9) lib/action_controller/metal/streaming.rb:217:in `_render_template'
  actionview (4.1.9) lib/action_view/rendering.rb:82:in `render_to_body'
  actionpack (4.1.9) lib/action_controller/metal/rendering.rb:32:in `render_to_body'
  actionpack (4.1.9) lib/action_controller/metal/renderers.rb:32:in `render_to_body'
  actionpack (4.1.9) lib/abstract_controller/rendering.rb:25:in `render'
  actionpack (4.1.9) lib/action_controller/metal/rendering.rb:16:in `render'
  actionpack (4.1.9) lib/action_controller/metal/instrumentation.rb:41:in `block (2 levels) in render'
  activesupport (4.1.9) lib/active_support/core_ext/benchmark.rb:12:in `block in ms'
  /usr/local/rvm/rubies/ruby-2.0.0-p643/lib/ruby/2.0.0/benchmark.rb:296:in `realtime'
  activesupport (4.1.9) lib/active_support/core_ext/benchmark.rb:12:in `ms'
  actionpack (4.1.9) lib/action_controller/metal/instrumentation.rb:41:in `block in render'
  actionpack (4.1.9) lib/action_controller/metal/instrumentation.rb:84:in `cleanup_view_runtime'
  activerecord (4.1.9) lib/active_record/railties/controller_runtime.rb:25:in `cleanup_view_runtime'
  actionpack (4.1.9) lib/action_controller/metal/instrumentation.rb:40:in `render'
  actionpack (4.1.9) lib/action_controller/metal/implicit_render.rb:10:in `default_render'
  actionpack (4.1.9) lib/action_controller/metal/implicit_render.rb:5:in `send_action'
  actionpack (4.1.9) lib/abstract_controller/base.rb:189:in `process_action'
  actionpack (4.1.9) lib/action_controller/metal/rendering.rb:10:in `process_action'
  actionpack (4.1.9) lib/abstract_controller/callbacks.rb:20:in `block in process_action'
  activesupport (4.1.9) lib/active_support/callbacks.rb:113:in `call'
  activesupport (4.1.9) lib/active_support/callbacks.rb:113:in `call'
  activesupport (4.1.9) lib/active_support/callbacks.rb:229:in `block in halting'
  activesupport (4.1.9) lib/active_support/callbacks.rb:229:in `call'
  activesupport (4.1.9) lib/active_support/callbacks.rb:229:in `block in halting'
  activesupport (4.1.9) lib/active_support/callbacks.rb:166:in `call'
  activesupport (4.1.9) lib/active_support/callbacks.rb:166:in `block in halting'
  activesupport (4.1.9) lib/active_support/callbacks.rb:166:in `call'
  activesupport (4.1.9) lib/active_support/callbacks.rb:166:in `block in halting'
  activesupport (4.1.9) lib/active_support/callbacks.rb:166:in `call'
  activesupport (4.1.9) lib/active_support/callbacks.rb:166:in `block in halting'
  activesupport (4.1.9) lib/active_support/callbacks.rb:86:in `call'
  activesupport (4.1.9) lib/active_support/callbacks.rb:86:in `run_callbacks'
  actionpack (4.1.9) lib/abstract_controller/callbacks.rb:19:in `process_action'
  actionpack (4.1.9) lib/action_controller/metal/rescue.rb:29:in `process_action'
  actionpack (4.1.9) lib/action_controller/metal/instrumentation.rb:31:in `block in process_action'
  activesupport (4.1.9) lib/active_support/notifications.rb:159:in `block in instrument'
  activesupport (4.1.9) lib/active_support/notifications/instrumenter.rb:20:in `instrument'
  activesupport (4.1.9) lib/active_support/notifications.rb:159:in `instrument'
  actionpack (4.1.9) lib/action_controller/metal/instrumentation.rb:30:in `process_action'
  actionpack (4.1.9) lib/action_controller/metal/params_wrapper.rb:250:in `process_action'
  activerecord (4.1.9) lib/active_record/railties/controller_runtime.rb:18:in `process_action'
  actionpack (4.1.9) lib/abstract_controller/base.rb:136:in `process'
  actionview (4.1.9) lib/action_view/rendering.rb:30:in `process'
  actionpack (4.1.9) lib/action_controller/metal.rb:196:in `dispatch'
  actionpack (4.1.9) lib/action_controller/metal/rack_delegation.rb:13:in `dispatch'
  actionpack (4.1.9) lib/action_controller/metal.rb:232:in `block in action'
  actionpack (4.1.9) lib/action_dispatch/routing/route_set.rb:82:in `call'
  actionpack (4.1.9) lib/action_dispatch/routing/route_set.rb:82:in `dispatch'
  actionpack (4.1.9) lib/action_dispatch/routing/route_set.rb:50:in `call'
  actionpack (4.1.9) lib/action_dispatch/journey/router.rb:73:in `block in call'
  actionpack (4.1.9) lib/action_dispatch/journey/router.rb:59:in `each'
  actionpack (4.1.9) lib/action_dispatch/journey/router.rb:59:in `call'
  actionpack (4.1.9) lib/action_dispatch/routing/route_set.rb:685:in `call'
  rack (1.5.5) lib/rack/etag.rb:23:in `call'
  rack (1.5.5) lib/rack/conditionalget.rb:25:in `call'
  rack (1.5.5) lib/rack/head.rb:11:in `call'
  actionpack (4.1.9) lib/action_dispatch/middleware/params_parser.rb:27:in `call'
  actionpack (4.1.9) lib/action_dispatch/middleware/flash.rb:254:in `call'
  rack (1.5.5) lib/rack/session/abstract/id.rb:225:in `context'
  rack (1.5.5) lib/rack/session/abstract/id.rb:220:in `call'
  actionpack (4.1.9) lib/action_dispatch/middleware/cookies.rb:562:in `call'
  activerecord (4.1.9) lib/active_record/query_cache.rb:36:in `call'
  activerecord (4.1.9) lib/active_record/connection_adapters/abstract/connection_pool.rb:621:in `call'
  activerecord (4.1.9) lib/active_record/migration.rb:380:in `call'
  actionpack (4.1.9) lib/action_dispatch/middleware/callbacks.rb:29:in `block in call'
  activesupport (4.1.9) lib/active_support/callbacks.rb:82:in `run_callbacks'
  actionpack (4.1.9) lib/action_dispatch/middleware/callbacks.rb:27:in `call'
  actionpack (4.1.9) lib/action_dispatch/middleware/reloader.rb:73:in `call'
  actionpack (4.1.9) lib/action_dispatch/middleware/remote_ip.rb:76:in `call'
  actionpack (4.1.9) lib/action_dispatch/middleware/debug_exceptions.rb:17:in `call'
  actionpack (4.1.9) lib/action_dispatch/middleware/show_exceptions.rb:30:in `call'
  railties (4.1.9) lib/rails/rack/logger.rb:38:in `call_app'
  railties (4.1.9) lib/rails/rack/logger.rb:20:in `block in call'
  activesupport (4.1.9) lib/active_support/tagged_logging.rb:68:in `block in tagged'
  activesupport (4.1.9) lib/active_support/tagged_logging.rb:26:in `tagged'
  activesupport (4.1.9) lib/active_support/tagged_logging.rb:68:in `tagged'
  railties (4.1.9) lib/rails/rack/logger.rb:20:in `call'
  actionpack (4.1.9) lib/action_dispatch/middleware/request_id.rb:21:in `call'
  rack (1.5.5) lib/rack/methodoverride.rb:21:in `call'
  rack (1.5.5) lib/rack/runtime.rb:17:in `call'
  activesupport (4.1.9) lib/active_support/cache/strategy/local_cache_middleware.rb:26:in `call'
  rack (1.5.5) lib/rack/lock.rb:17:in `call'
  actionpack (4.1.9) lib/action_dispatch/middleware/static.rb:84:in `call'
  rack (1.5.5) lib/rack/sendfile.rb:112:in `call'
  railties (4.1.9) lib/rails/engine.rb:514:in `call'
  railties (4.1.9) lib/rails/application.rb:144:in `call'
  rack (1.5.5) lib/rack/lock.rb:17:in `call'
  rack (1.5.5) lib/rack/content_length.rb:14:in `call'
  rack (1.5.5) lib/rack/handler/webrick.rb:60:in `service'
  /usr/local/rvm/rubies/ruby-2.0.0-p643/lib/ruby/2.0.0/webrick/httpserver.rb:138:in `service'
  /usr/local/rvm/rubies/ruby-2.0.0-p643/lib/ruby/2.0.0/webrick/httpserver.rb:94:in `run'
  /usr/local/rvm/rubies/ruby-2.0.0-p643/lib/ruby/2.0.0/webrick/server.rb:295:in `block in start_thread'


  Rendered /usr/local/rvm/gems/ruby-2.0.0-p643/gems/actionpack-4.1.9/lib/action_dispatch/middleware/templates/rescues/missing_template.html.erb within rescues/layout (0.4ms)


Started GET "/movies" for 127.0.0.1 at 2015-07-23 22:30:57 -0400
Processing by MoviesController#index as HTML
  Rendered movies/index.html.erb within layouts/application (0.4ms)
Completed 200 OK in 1489ms (Views: 1487.9ms | ActiveRecord: 0.0ms)


Started GET "/assets/movies.css?body=1" for 127.0.0.1 at 2015-07-23 22:30:59 -0400


Started GET "/assets/application.css?body=1" for 127.0.0.1 at 2015-07-23 22:30:59 -0400


Started GET "/assets/jquery.js?body=1" for 127.0.0.1 at 2015-07-23 22:30:59 -0400


Started GET "/assets/turbolinks.js?body=1" for 127.0.0.1 at 2015-07-23 22:30:59 -0400


Started GET "/assets/jquery_ujs.js?body=1" for 127.0.0.1 at 2015-07-23 22:30:59 -0400


Started GET "/assets/application.js?body=1" for 127.0.0.1 at 2015-07-23 22:30:59 -0400


Started GET "/assets/movies.js?body=1" for 127.0.0.1 at 2015-07-23 22:30:59 -0400


Started GET "/movies" for 127.0.0.1 at 2015-07-23 22:31:52 -0400
Processing by MoviesController#index as HTML
  Rendered movies/index.html.erb within layouts/application (0.5ms)
Completed 200 OK in 37ms (Views: 36.4ms | ActiveRecord: 0.0ms)


Started GET "/assets/application.css?body=1" for 127.0.0.1 at 2015-07-23 22:31:52 -0400


Started GET "/assets/movies.css?body=1" for 127.0.0.1 at 2015-07-23 22:31:52 -0400


Started GET "/assets/jquery_ujs.js?body=1" for 127.0.0.1 at 2015-07-23 22:31:52 -0400


Started GET "/assets/jquery.js?body=1" for 127.0.0.1 at 2015-07-23 22:31:52 -0400


Started GET "/assets/turbolinks.js?body=1" for 127.0.0.1 at 2015-07-23 22:31:52 -0400


Started GET "/assets/movies.js?body=1" for 127.0.0.1 at 2015-07-23 22:31:52 -0400


Started GET "/assets/application.js?body=1" for 127.0.0.1 at 2015-07-23 22:31:52 -0400


Started GET "/movies" for 127.0.0.1 at 2015-07-23 22:33:16 -0400
Processing by MoviesController#index as HTML
  Rendered movies/index.html.erb within layouts/application (0.4ms)
Completed 200 OK in 34ms (Views: 32.8ms | ActiveRecord: 0.0ms)


Started GET "/assets/application.css?body=1" for 127.0.0.1 at 2015-07-23 22:33:16 -0400


Started GET "/assets/movies.css?body=1" for 127.0.0.1 at 2015-07-23 22:33:16 -0400


Started GET "/assets/jquery_ujs.js?body=1" for 127.0.0.1 at 2015-07-23 22:33:16 -0400


Started GET "/assets/movies.js?body=1" for 127.0.0.1 at 2015-07-23 22:33:16 -0400


Started GET "/assets/jquery.js?body=1" for 127.0.0.1 at 2015-07-23 22:33:16 -0400


Started GET "/assets/turbolinks.js?body=1" for 127.0.0.1 at 2015-07-23 22:33:16 -0400


Started GET "/assets/application.js?body=1" for 127.0.0.1 at 2015-07-23 22:33:16 -0400


Started GET "/movies" for 127.0.0.1 at 2015-07-23 22:33:23 -0400
Processing by MoviesController#index as HTML
  Rendered movies/index.html.erb within layouts/application (0.5ms)
Completed 200 OK in 59ms (Views: 58.4ms | ActiveRecord: 0.0ms)


Started GET "/assets/application.css?body=1" for 127.0.0.1 at 2015-07-23 22:33:23 -0400


Started GET "/assets/movies.css?body=1" for 127.0.0.1 at 2015-07-23 22:33:23 -0400


Started GET "/assets/jquery_ujs.js?body=1" for 127.0.0.1 at 2015-07-23 22:33:23 -0400


Started GET "/assets/turbolinks.js?body=1" for 127.0.0.1 at 2015-07-23 22:33:23 -0400


Started GET "/assets/application.js?body=1" for 127.0.0.1 at 2015-07-23 22:33:23 -0400


Started GET "/assets/jquery.js?body=1" for 127.0.0.1 at 2015-07-23 22:33:23 -0400


Started GET "/assets/movies.js?body=1" for 127.0.0.1 at 2015-07-23 22:33:23 -0400


Started GET "/movies" for 127.0.0.1 at 2015-07-23 22:35:30 -0400
Processing by MoviesController#index as HTML
  Rendered movies/index.html.erb within layouts/application (39.7ms)
Completed 200 OK in 72ms (Views: 71.4ms | ActiveRecord: 0.0ms)


Started GET "/assets/application.css?body=1" for 127.0.0.1 at 2015-07-23 22:35:30 -0400


Started GET "/assets/turbolinks.js?body=1" for 127.0.0.1 at 2015-07-23 22:35:30 -0400


Started GET "/assets/application.js?body=1" for 127.0.0.1 at 2015-07-23 22:35:30 -0400


Started GET "/assets/jquery_ujs.js?body=1" for 127.0.0.1 at 2015-07-23 22:35:30 -0400


Started GET "/assets/jquery.js?body=1" for 127.0.0.1 at 2015-07-23 22:35:30 -0400


Started GET "/assets/movies.css?body=1" for 127.0.0.1 at 2015-07-23 22:35:30 -0400


Started GET "/assets/movies.js?body=1" for 127.0.0.1 at 2015-07-23 22:35:30 -0400


Started GET "/movies" for 127.0.0.1 at 2015-07-23 22:35:35 -0400
Processing by MoviesController#index as HTML
  Rendered movies/index.html.erb within layouts/application (0.6ms)
Completed 200 OK in 33ms (Views: 31.9ms | ActiveRecord: 0.0ms)


Started GET "/assets/movies.css?body=1" for 127.0.0.1 at 2015-07-23 22:35:35 -0400


Started GET "/assets/application.css?body=1" for 127.0.0.1 at 2015-07-23 22:35:35 -0400


Started GET "/assets/jquery.js?body=1" for 127.0.0.1 at 2015-07-23 22:35:35 -0400


Started GET "/assets/turbolinks.js?body=1" for 127.0.0.1 at 2015-07-23 22:35:35 -0400


Started GET "/assets/movies.js?body=1" for 127.0.0.1 at 2015-07-23 22:35:35 -0400


Started GET "/assets/jquery_ujs.js?body=1" for 127.0.0.1 at 2015-07-23 22:35:35 -0400


Started GET "/assets/application.js?body=1" for 127.0.0.1 at 2015-07-23 22:35:35 -0400


Started GET "/movies" for 127.0.0.1 at 2015-07-23 22:35:54 -0400
Processing by MoviesController#index as HTML
  Rendered movies/index.html.erb within layouts/application (0.1ms)
Completed 200 OK in 56ms (Views: 55.4ms | ActiveRecord: 0.0ms)


Started GET "/assets/movies.css?body=1" for 127.0.0.1 at 2015-07-23 22:35:54 -0400


Started GET "/assets/movies.js?body=1" for 127.0.0.1 at 2015-07-23 22:35:54 -0400


Started GET "/assets/turbolinks.js?body=1" for 127.0.0.1 at 2015-07-23 22:35:54 -0400


Started GET "/assets/jquery_ujs.js?body=1" for 127.0.0.1 at 2015-07-23 22:35:54 -0400


Started GET "/assets/application.css?body=1" for 127.0.0.1 at 2015-07-23 22:35:54 -0400


Started GET "/assets/jquery.js?body=1" for 127.0.0.1 at 2015-07-23 22:35:54 -0400


Started GET "/assets/application.js?body=1" for 127.0.0.1 at 2015-07-23 22:35:54 -0400


Started GET "/" for 127.0.0.1 at 2015-07-24 17:15:07 -0400
Processing by Rails::WelcomeController#index as HTML
  Rendered /usr/local/rvm/gems/ruby-2.0.0-p643/gems/railties-4.1.9/lib/rails/templates/rails/welcome/index.html.erb (12.1ms)
Completed 200 OK in 52ms (Views: 30.7ms | ActiveRecord: 0.0ms)


Started GET "/movies" for 127.0.0.1 at 2015-07-24 17:15:12 -0400
Processing by MoviesController#index as HTML
  Rendered movies/index.html.erb within layouts/application (0.8ms)
Completed 200 OK in 331ms (Views: 330.1ms | ActiveRecord: 0.0ms)


Started GET "/assets/movies.css?body=1" for 127.0.0.1 at 2015-07-24 17:15:12 -0400


Started GET "/assets/jquery.js?body=1" for 127.0.0.1 at 2015-07-24 17:15:12 -0400


Started GET "/assets/application.css?body=1" for 127.0.0.1 at 2015-07-24 17:15:12 -0400


Started GET "/assets/movies.js?body=1" for 127.0.0.1 at 2015-07-24 17:15:12 -0400


Started GET "/assets/turbolinks.js?body=1" for 127.0.0.1 at 2015-07-24 17:15:12 -0400


Started GET "/assets/jquery_ujs.js?body=1" for 127.0.0.1 at 2015-07-24 17:15:12 -0400


Started GET "/assets/application.js?body=1" for 127.0.0.1 at 2015-07-24 17:15:12 -0400


Started GET "/movies" for 127.0.0.1 at 2015-07-25 09:44:10 -0400

ActiveRecord::PendingMigrationError (

Migrations are pending. To resolve this issue, run:

	bin/rake db:migrate RAILS_ENV=development

):
  activerecord (4.1.9) lib/active_record/migration.rb:389:in `check_pending!'
  activerecord (4.1.9) lib/active_record/migration.rb:377:in `call'
  actionpack (4.1.9) lib/action_dispatch/middleware/callbacks.rb:29:in `block in call'
  activesupport (4.1.9) lib/active_support/callbacks.rb:82:in `run_callbacks'
  actionpack (4.1.9) lib/action_dispatch/middleware/callbacks.rb:27:in `call'
  actionpack (4.1.9) lib/action_dispatch/middleware/reloader.rb:73:in `call'
  actionpack (4.1.9) lib/action_dispatch/middleware/remote_ip.rb:76:in `call'
  actionpack (4.1.9) lib/action_dispatch/middleware/debug_exceptions.rb:17:in `call'
  actionpack (4.1.9) lib/action_dispatch/middleware/show_exceptions.rb:30:in `call'
  railties (4.1.9) lib/rails/rack/logger.rb:38:in `call_app'
  railties (4.1.9) lib/rails/rack/logger.rb:20:in `block in call'
  activesupport (4.1.9) lib/active_support/tagged_logging.rb:68:in `block in tagged'
  activesupport (4.1.9) lib/active_support/tagged_logging.rb:26:in `tagged'
  activesupport (4.1.9) lib/active_support/tagged_logging.rb:68:in `tagged'
  railties (4.1.9) lib/rails/rack/logger.rb:20:in `call'
  actionpack (4.1.9) lib/action_dispatch/middleware/request_id.rb:21:in `call'
  rack (1.5.5) lib/rack/methodoverride.rb:21:in `call'
  rack (1.5.5) lib/rack/runtime.rb:17:in `call'
  activesupport (4.1.9) lib/active_support/cache/strategy/local_cache_middleware.rb:26:in `call'
  rack (1.5.5) lib/rack/lock.rb:17:in `call'
  actionpack (4.1.9) lib/action_dispatch/middleware/static.rb:84:in `call'
  rack (1.5.5) lib/rack/sendfile.rb:112:in `call'
  railties (4.1.9) lib/rails/engine.rb:514:in `call'
  railties (4.1.9) lib/rails/application.rb:144:in `call'
  rack (1.5.5) lib/rack/lock.rb:17:in `call'
  rack (1.5.5) lib/rack/content_length.rb:14:in `call'
  rack (1.5.5) lib/rack/handler/webrick.rb:60:in `service'
  /usr/local/rvm/rubies/ruby-2.0.0-p643/lib/ruby/2.0.0/webrick/httpserver.rb:138:in `service'
  /usr/local/rvm/rubies/ruby-2.0.0-p643/lib/ruby/2.0.0/webrick/httpserver.rb:94:in `run'
  /usr/local/rvm/rubies/ruby-2.0.0-p643/lib/ruby/2.0.0/webrick/server.rb:295:in `block in start_thread'


  Rendered /usr/local/rvm/gems/ruby-2.0.0-p643/gems/actionpack-4.1.9/lib/action_dispatch/middleware/templates/rescues/_source.erb (0.5ms)
  Rendered /usr/local/rvm/gems/ruby-2.0.0-p643/gems/actionpack-4.1.9/lib/action_dispatch/middleware/templates/rescues/_trace.html.erb (1.1ms)
  Rendered /usr/local/rvm/gems/ruby-2.0.0-p643/gems/actionpack-4.1.9/lib/action_dispatch/middleware/templates/rescues/_request_and_response.html.erb (1.1ms)
  Rendered /usr/local/rvm/gems/ruby-2.0.0-p643/gems/actionpack-4.1.9/lib/action_dispatch/middleware/templates/rescues/diagnostics.erb within rescues/layout (19.5ms)
  [1m[36m (1.7ms)[0m  [1mCREATE TABLE "schema_migrations" ("version" varchar(255) NOT NULL) [0m
  [1m[35m (0.1ms)[0m  select sqlite_version(*)
  [1m[36m (1.2ms)[0m  [1mCREATE UNIQUE INDEX "unique_schema_migrations" ON "schema_migrations" ("version")[0m
  [1m[35mActiveRecord::SchemaMigration Load (0.1ms)[0m  SELECT "schema_migrations".* FROM "schema_migrations"
Migrating to CreateMovies (20150724212014)
  [1m[36m (0.1ms)[0m  [1mbegin transaction[0m
  [1m[35m (0.9ms)[0m  CREATE TABLE "movies" ("id" INTEGER PRIMARY KEY AUTOINCREMENT NOT NULL, "title" varchar(255), "rating" varchar(255), "total_gross" decimal, "created_at" datetime, "updated_at" datetime) 
  [1m[36mSQL (0.3ms)[0m  [1mINSERT INTO "schema_migrations" ("version") VALUES (?)[0m  [["version", "20150724212014"]]
  [1m[35m (1.1ms)[0m  commit transaction
  [1m[36mActiveRecord::SchemaMigration Load (0.1ms)[0m  [1mSELECT "schema_migrations".* FROM "schema_migrations"[0m


Started GET "/movies" for 127.0.0.1 at 2015-07-25 09:46:27 -0400
  [1m[36mActiveRecord::SchemaMigration Load (0.1ms)[0m  [1mSELECT "schema_migrations".* FROM "schema_migrations"[0m
Processing by MoviesController#index as HTML
  Rendered movies/index.html.erb within layouts/application (0.1ms)
Completed 200 OK in 78ms (Views: 76.8ms | ActiveRecord: 0.0ms)


Started GET "/assets/application.css?body=1" for 127.0.0.1 at 2015-07-25 09:46:27 -0400


Started GET "/assets/jquery.js?body=1" for 127.0.0.1 at 2015-07-25 09:46:27 -0400


Started GET "/assets/turbolinks.js?body=1" for 127.0.0.1 at 2015-07-25 09:46:27 -0400


Started GET "/assets/movies.css?body=1" for 127.0.0.1 at 2015-07-25 09:46:27 -0400


Started GET "/assets/jquery_ujs.js?body=1" for 127.0.0.1 at 2015-07-25 09:46:27 -0400


Started GET "/assets/movies.js?body=1" for 127.0.0.1 at 2015-07-25 09:46:27 -0400


Started GET "/assets/application.js?body=1" for 127.0.0.1 at 2015-07-25 09:46:27 -0400
  [1m[36m (0.1ms)[0m  [1mSELECT version FROM schema_migrations[0m
  [1m[36mActiveRecord::SchemaMigration Load (0.1ms)[0m  [1mSELECT "schema_migrations".* FROM "schema_migrations"[0m
  [1m[35mActiveRecord::SchemaMigration Load (0.1ms)[0m  SELECT "schema_migrations".* FROM "schema_migrations"
  [1m[36mMovie Load (1.2ms)[0m  [1mSELECT "movies".* FROM "movies"[0m
  [1m[35m (0.2ms)[0m  begin transaction
  [1m[36mSQL (0.5ms)[0m  [1mINSERT INTO "movies" ("created_at", "rating", "title", "total_gross", "updated_at") VALUES (?, ?, ?, ?, ?)[0m  [["created_at", "2015-07-25 20:00:14.014438"], ["rating", "PG-13"], ["title", "Iron Man"], ["total_gross", 345475912.0], ["updated_at", "2015-07-25 20:00:14.014438"]]
  [1m[35m (1.1ms)[0m  commit transaction
  [1m[36mMovie Load (0.2ms)[0m  [1mSELECT "movies".* FROM "movies"[0m


Started GET "/movies" for 127.0.0.1 at 2015-07-26 13:02:49 -0400
Processing by MoviesController#index as HTML
  Rendered movies/index.html.erb within layouts/application (0.1ms)
Completed 200 OK in 77ms (Views: 76.4ms | ActiveRecord: 0.0ms)


Started GET "/assets/movies.css?body=1" for 127.0.0.1 at 2015-07-26 13:02:49 -0400


Started GET "/assets/application.css?body=1" for 127.0.0.1 at 2015-07-26 13:02:49 -0400


Started GET "/assets/movies.js?body=1" for 127.0.0.1 at 2015-07-26 13:02:49 -0400


Started GET "/assets/jquery_ujs.js?body=1" for 127.0.0.1 at 2015-07-26 13:02:49 -0400


Started GET "/assets/jquery.js?body=1" for 127.0.0.1 at 2015-07-26 13:02:49 -0400


Started GET "/assets/turbolinks.js?body=1" for 127.0.0.1 at 2015-07-26 13:02:49 -0400


Started GET "/assets/application.js?body=1" for 127.0.0.1 at 2015-07-26 13:02:49 -0400


Started GET "/movies" for 127.0.0.1 at 2015-07-26 13:03:34 -0400
Processing by MoviesController#index as HTML
  Rendered movies/index.html.erb within layouts/application (0.1ms)
Completed 200 OK in 33ms (Views: 32.0ms | ActiveRecord: 0.0ms)


Started GET "/assets/movies.css?body=1" for 127.0.0.1 at 2015-07-26 13:03:34 -0400


Started GET "/assets/application.css?body=1" for 127.0.0.1 at 2015-07-26 13:03:34 -0400


Started GET "/assets/jquery_ujs.js?body=1" for 127.0.0.1 at 2015-07-26 13:03:34 -0400


Started GET "/assets/jquery.js?body=1" for 127.0.0.1 at 2015-07-26 13:03:34 -0400


Started GET "/assets/turbolinks.js?body=1" for 127.0.0.1 at 2015-07-26 13:03:34 -0400


Started GET "/assets/movies.js?body=1" for 127.0.0.1 at 2015-07-26 13:03:34 -0400


Started GET "/assets/application.js?body=1" for 127.0.0.1 at 2015-07-26 13:03:34 -0400


Started GET "/movies" for 127.0.0.1 at 2015-07-26 13:03:35 -0400
Processing by MoviesController#index as HTML
  Rendered movies/index.html.erb within layouts/application (0.1ms)
Completed 200 OK in 33ms (Views: 32.2ms | ActiveRecord: 0.0ms)


Started GET "/assets/application.css?body=1" for 127.0.0.1 at 2015-07-26 13:03:36 -0400


Started GET "/assets/movies.css?body=1" for 127.0.0.1 at 2015-07-26 13:03:36 -0400


Started GET "/assets/jquery.js?body=1" for 127.0.0.1 at 2015-07-26 13:03:36 -0400


Started GET "/assets/application.js?body=1" for 127.0.0.1 at 2015-07-26 13:03:36 -0400


Started GET "/assets/jquery_ujs.js?body=1" for 127.0.0.1 at 2015-07-26 13:03:36 -0400


Started GET "/assets/movies.js?body=1" for 127.0.0.1 at 2015-07-26 13:03:36 -0400


Started GET "/assets/turbolinks.js?body=1" for 127.0.0.1 at 2015-07-26 13:03:36 -0400
  [1m[36mMovie Load (39.7ms)[0m  [1mSELECT "movies".* FROM "movies"[0m
  [1m[35m (0.3ms)[0m  SELECT COUNT(*) FROM "movies"
  [1m[36mMovie Load (0.3ms)[0m  [1mSELECT  "movies".* FROM "movies"   ORDER BY "movies"."id" ASC LIMIT 1[0m
  [1m[35m (0.2ms)[0m  begin transaction
  [1m[36mSQL (7.2ms)[0m  [1mINSERT INTO "movies" ("created_at", "rating", "title", "total_gross", "updated_at") VALUES (?, ?, ?, ?, ?)[0m  [["created_at", "2015-07-26 22:14:28.433035"], ["rating", "PG"], ["title", "Superman"], ["total_gross", 134218018.0], ["updated_at", "2015-07-26 22:14:28.433035"]]
  [1m[35m (1.4ms)[0m  commit transaction
  [1m[36mMovie Load (0.3ms)[0m  [1mSELECT "movies".* FROM "movies"[0m
  [1m[35mMovie Load (0.2ms)[0m  SELECT  "movies".* FROM "movies"   ORDER BY "movies"."id" ASC LIMIT 1
  [1m[36m (0.2ms)[0m  [1mSELECT COUNT(*) FROM "movies"[0m
  [1m[35mMovie Load (0.2ms)[0m  SELECT "movies".* FROM "movies"
  [1m[36mMovie Load (0.2ms)[0m  [1mSELECT  "movies".* FROM "movies"   ORDER BY "movies"."id" DESC LIMIT 1[0m
  [1m[35m (0.1ms)[0m  begin transaction
  [1m[36mSQL (0.3ms)[0m  [1mINSERT INTO "movies" ("created_at", "rating", "title", "total_gross", "updated_at") VALUES (?, ?, ?, ?, ?)[0m  [["created_at", "2015-07-26 22:16:16.869213"], ["rating", "PG-13"], ["title", "Spider-Man"], ["total_gross", 403706375.0], ["updated_at", "2015-07-26 22:16:16.869213"]]
  [1m[35m (4.8ms)[0m  commit transaction
  [1m[36mMovie Load (0.2ms)[0m  [1mSELECT "movies".* FROM "movies"[0m
  [1m[35m (0.2ms)[0m  SELECT COUNT(*) FROM "movies"
  [1m[36mMovie Load (0.2ms)[0m  [1mSELECT  "movies".* FROM "movies"   ORDER BY "movies"."id" DESC LIMIT 1[0m
  [1m[35mMovie Load (0.3ms)[0m  SELECT  "movies".* FROM "movies"  WHERE "movies"."id" = ? LIMIT 1  [["id", 1]]
  [1m[36mMovie Load (0.2ms)[0m  [1mSELECT "movies".* FROM "movies"[0m
  [1m[35m (0.2ms)[0m  SELECT COUNT(*) FROM "movies"
  [1m[36m (0.1ms)[0m  [1mbegin transaction[0m
  [1m[35mSQL (1.0ms)[0m  UPDATE "movies" SET "title" = ?, "total_gross" = ?, "updated_at" = ? WHERE "movies"."id" = 1  [["title", "Iron Man 2"], ["total_gross", 690951824.0], ["updated_at", "2015-07-26 22:20:04.357000"]]
  [1m[36m (4.7ms)[0m  [1mcommit transaction[0m
  [1m[35mMovie Load (0.2ms)[0m  SELECT "movies".* FROM "movies"
  [1m[36m (0.1ms)[0m  [1mbegin transaction[0m
  [1m[35mSQL (0.4ms)[0m  UPDATE "movies" SET "title" = ?, "total_gross" = ?, "updated_at" = ? WHERE "movies"."id" = 1  [["title", "Iron Man"], ["total_gross", 318412101.0], ["updated_at", "2015-07-26 22:22:00.627699"]]
  [1m[36m (4.8ms)[0m  [1mcommit transaction[0m
  [1m[35m (0.2ms)[0m  SELECT COUNT(*) FROM "movies"
  [1m[36mMovie Load (0.2ms)[0m  [1mSELECT  "movies".* FROM "movies"   ORDER BY "movies"."id" ASC LIMIT 1[0m
  [1m[35mMovie Load (0.2ms)[0m  SELECT  "movies".* FROM "movies"  WHERE "movies"."title" = 'Spider-Man' LIMIT 1
  [1m[36m (0.1ms)[0m  [1mbegin transaction[0m
  [1m[35mSQL (0.3ms)[0m  DELETE FROM "movies" WHERE "movies"."id" = ?  [["id", 3]]
  [1m[36m (5.1ms)[0m  [1mcommit transaction[0m
  [1m[35m (0.2ms)[0m  SELECT COUNT(*) FROM "movies"
  [1m[36mMovie Load (0.3ms)[0m  [1mSELECT  "movies".* FROM "movies"  WHERE "movies"."title" = 'Spider-Man' LIMIT 1[0m
  [1m[35m (0.1ms)[0m  begin transaction
  [1m[36mSQL (0.3ms)[0m  [1mINSERT INTO "movies" ("created_at", "rating", "title", "total_gross", "updated_at") VALUES (?, ?, ?, ?, ?)[0m  [["created_at", "2015-07-26 22:27:04.833817"], ["rating", "PG-13"], ["title", "Spider-Man"], ["total_gross", 345672819.0], ["updated_at", "2015-07-26 22:27:04.833817"]]
  [1m[35m (4.8ms)[0m  commit transaction
  [1m[36m (0.2ms)[0m  [1mSELECT COUNT(*) FROM "movies"[0m


Started GET "/" for 127.0.0.1 at 2015-07-26 18:36:23 -0400
  [1m[36mActiveRecord::SchemaMigration Load (0.1ms)[0m  [1mSELECT "schema_migrations".* FROM "schema_migrations"[0m
Processing by Rails::WelcomeController#index as HTML
  Rendered /usr/local/rvm/gems/ruby-2.0.0-p643/gems/railties-4.1.9/lib/rails/templates/rails/welcome/index.html.erb (12.5ms)
Completed 200 OK in 51ms (Views: 30.9ms | ActiveRecord: 0.0ms)


Started GET "/movies" for 127.0.0.1 at 2015-07-26 18:36:33 -0400
Processing by MoviesController#index as HTML
  Rendered movies/index.html.erb within layouts/application (0.6ms)
Completed 200 OK in 220ms (Views: 218.9ms | ActiveRecord: 0.0ms)


Started GET "/assets/application.css?body=1" for 127.0.0.1 at 2015-07-26 18:36:33 -0400


Started GET "/assets/movies.css?body=1" for 127.0.0.1 at 2015-07-26 18:36:33 -0400


Started GET "/assets/jquery.js?body=1" for 127.0.0.1 at 2015-07-26 18:36:33 -0400


Started GET "/assets/jquery_ujs.js?body=1" for 127.0.0.1 at 2015-07-26 18:36:33 -0400


Started GET "/assets/movies.js?body=1" for 127.0.0.1 at 2015-07-26 18:36:33 -0400


Started GET "/assets/turbolinks.js?body=1" for 127.0.0.1 at 2015-07-26 18:36:33 -0400


Started GET "/assets/application.js?body=1" for 127.0.0.1 at 2015-07-26 18:36:33 -0400


Started GET "/movies" for 127.0.0.1 at 2015-07-26 18:43:05 -0400
Processing by MoviesController#index as HTML
  [1m[35mMovie Load (0.3ms)[0m  SELECT "movies".* FROM "movies"
  Rendered movies/index.html.erb within layouts/application (5.2ms)
Completed 200 OK in 38ms (Views: 35.2ms | ActiveRecord: 0.5ms)


Started GET "/assets/movies.css?body=1" for 127.0.0.1 at 2015-07-26 18:43:06 -0400


Started GET "/assets/jquery.js?body=1" for 127.0.0.1 at 2015-07-26 18:43:06 -0400


Started GET "/assets/application.css?body=1" for 127.0.0.1 at 2015-07-26 18:43:06 -0400


Started GET "/assets/jquery_ujs.js?body=1" for 127.0.0.1 at 2015-07-26 18:43:06 -0400


Started GET "/assets/movies.js?body=1" for 127.0.0.1 at 2015-07-26 18:43:06 -0400


Started GET "/assets/application.js?body=1" for 127.0.0.1 at 2015-07-26 18:43:06 -0400


Started GET "/assets/turbolinks.js?body=1" for 127.0.0.1 at 2015-07-26 18:43:06 -0400


Started GET "/movies" for 127.0.0.1 at 2015-07-26 18:43:41 -0400
Processing by MoviesController#index as HTML
  [1m[36mMovie Load (0.2ms)[0m  [1mSELECT "movies".* FROM "movies"[0m
  Rendered movies/index.html.erb within layouts/application (1.9ms)
Completed 200 OK in 70ms (Views: 68.5ms | ActiveRecord: 0.2ms)


Started GET "/assets/movies.css?body=1" for 127.0.0.1 at 2015-07-26 18:43:41 -0400


Started GET "/assets/jquery.js?body=1" for 127.0.0.1 at 2015-07-26 18:43:41 -0400


Started GET "/assets/application.css?body=1" for 127.0.0.1 at 2015-07-26 18:43:41 -0400


Started GET "/assets/turbolinks.js?body=1" for 127.0.0.1 at 2015-07-26 18:43:41 -0400


Started GET "/assets/application.js?body=1" for 127.0.0.1 at 2015-07-26 18:43:41 -0400


Started GET "/assets/jquery_ujs.js?body=1" for 127.0.0.1 at 2015-07-26 18:43:41 -0400


Started GET "/assets/movies.js?body=1" for 127.0.0.1 at 2015-07-26 18:43:41 -0400


Started GET "/movies" for 127.0.0.1 at 2015-07-26 18:44:53 -0400
Processing by MoviesController#index as HTML
  [1m[35mMovie Load (0.2ms)[0m  SELECT "movies".* FROM "movies"
  Rendered movies/index.html.erb within layouts/application (1.6ms)
Completed 200 OK in 31ms (Views: 30.3ms | ActiveRecord: 0.2ms)


Started GET "/assets/movies.css?body=1" for 127.0.0.1 at 2015-07-26 18:44:53 -0400


Started GET "/assets/jquery.js?body=1" for 127.0.0.1 at 2015-07-26 18:44:53 -0400


Started GET "/assets/turbolinks.js?body=1" for 127.0.0.1 at 2015-07-26 18:44:53 -0400


Started GET "/assets/jquery_ujs.js?body=1" for 127.0.0.1 at 2015-07-26 18:44:53 -0400


Started GET "/assets/application.js?body=1" for 127.0.0.1 at 2015-07-26 18:44:53 -0400


Started GET "/assets/movies.js?body=1" for 127.0.0.1 at 2015-07-26 18:44:53 -0400


Started GET "/assets/application.css?body=1" for 127.0.0.1 at 2015-07-26 18:44:53 -0400
  [1m[36m (0.1ms)[0m  [1mbegin transaction[0m
  [1m[35mSQL (0.4ms)[0m  INSERT INTO "movies" ("created_at", "rating", "title", "total_gross", "updated_at") VALUES (?, ?, ?, ?, ?)  [["created_at", "2015-07-26 22:46:13.974777"], ["rating", "R"], ["title", "Unbroken"], ["total_gross", 345611723.0], ["updated_at", "2015-07-26 22:46:13.974777"]]
  [1m[36m (5.0ms)[0m  [1mcommit transaction[0m
  [1m[35m (0.2ms)[0m  SELECT COUNT(*) FROM "movies"


Started GET "/movies" for 127.0.0.1 at 2015-07-26 18:46:23 -0400
Processing by MoviesController#index as HTML
  [1m[36mMovie Load (0.2ms)[0m  [1mSELECT "movies".* FROM "movies"[0m
  Rendered movies/index.html.erb within layouts/application (1.0ms)
Completed 200 OK in 62ms (Views: 60.7ms | ActiveRecord: 0.2ms)


Started GET "/assets/jquery.js?body=1" for 127.0.0.1 at 2015-07-26 18:46:23 -0400


Started GET "/assets/movies.css?body=1" for 127.0.0.1 at 2015-07-26 18:46:23 -0400


Started GET "/assets/turbolinks.js?body=1" for 127.0.0.1 at 2015-07-26 18:46:23 -0400


Started GET "/assets/application.js?body=1" for 127.0.0.1 at 2015-07-26 18:46:23 -0400


Started GET "/assets/application.css?body=1" for 127.0.0.1 at 2015-07-26 18:46:23 -0400


Started GET "/assets/movies.js?body=1" for 127.0.0.1 at 2015-07-26 18:46:23 -0400


Started GET "/assets/jquery_ujs.js?body=1" for 127.0.0.1 at 2015-07-26 18:46:23 -0400


Started GET "/movies" for 127.0.0.1 at 2015-07-26 18:46:51 -0400
Processing by MoviesController#index as HTML
  [1m[35mMovie Load (0.2ms)[0m  SELECT "movies".* FROM "movies"
  Rendered movies/index.html.erb within layouts/application (132.0ms)
Completed 200 OK in 164ms (Views: 163.1ms | ActiveRecord: 0.2ms)


Started GET "/assets/application.css?body=1" for 127.0.0.1 at 2015-07-26 18:46:51 -0400


Started GET "/assets/movies.css?body=1" for 127.0.0.1 at 2015-07-26 18:46:51 -0400


Started GET "/assets/application.js?body=1" for 127.0.0.1 at 2015-07-26 18:46:51 -0400


Started GET "/assets/jquery.js?body=1" for 127.0.0.1 at 2015-07-26 18:46:51 -0400


Started GET "/assets/turbolinks.js?body=1" for 127.0.0.1 at 2015-07-26 18:46:51 -0400


Started GET "/assets/movies.js?body=1" for 127.0.0.1 at 2015-07-26 18:46:51 -0400


Started GET "/assets/jquery_ujs.js?body=1" for 127.0.0.1 at 2015-07-26 18:46:51 -0400
  [1m[36m (0.1ms)[0m  [1mSELECT version FROM schema_migrations[0m
  [1m[36mActiveRecord::SchemaMigration Load (0.1ms)[0m  [1mSELECT "schema_migrations".* FROM "schema_migrations"[0m
Migrating to AddFieldsToMovies (20150727011257)
  [1m[35m (0.3ms)[0m  begin transaction
  [1m[36m (0.5ms)[0m  [1mALTER TABLE "movies" ADD "description" text[0m
  [1m[35m (0.2ms)[0m  ALTER TABLE "movies" ADD "released_on" date
  [1m[36mSQL (0.2ms)[0m  [1mINSERT INTO "schema_migrations" ("version") VALUES (?)[0m  [["version", "20150727011257"]]
  [1m[35m (1.0ms)[0m  commit transaction
  [1m[36mActiveRecord::SchemaMigration Load (0.1ms)[0m  [1mSELECT "schema_migrations".* FROM "schema_migrations"[0m
  [1m[36mActiveRecord::SchemaMigration Load (0.1ms)[0m  [1mSELECT "schema_migrations".* FROM "schema_migrations"[0m
  [1m[35mActiveRecord::SchemaMigration Load (0.1ms)[0m  SELECT "schema_migrations".* FROM "schema_migrations"
  [1m[36m (0.1ms)[0m  [1mSELECT version FROM schema_migrations[0m
  [1m[36mMovie Load (0.1ms)[0m  [1mSELECT  "movies".* FROM "movies"  WHERE "movies"."title" = 'Iron Man' LIMIT 1[0m
  [1m[35mMovie Load (0.3ms)[0m  SELECT  "movies".* FROM "movies"  WHERE "movies"."id" = ? LIMIT 1  [["id", 1]]
  [1m[36m (0.1ms)[0m  [1mbegin transaction[0m
  [1m[35mSQL (0.4ms)[0m  UPDATE "movies" SET "description" = ?, "released_on" = ?, "updated_at" = ? WHERE "movies"."id" = 1  [["description", "RDJ is great in this"], ["released_on", "2014-09-08"], ["updated_at", "2015-07-27 01:18:16.435602"]]
  [1m[36m (1.2ms)[0m  [1mcommit transaction[0m
  [1m[35mMovie Load (0.2ms)[0m  SELECT  "movies".* FROM "movies"  WHERE "movies"."id" = ? LIMIT 1  [["id", 1]]
  [1m[36mMovie Load (0.2ms)[0m  [1mSELECT  "movies".* FROM "movies"  WHERE "movies"."id" = ? LIMIT 1[0m  [["id", 2]]
  [1m[35mMovie Load (0.2ms)[0m  SELECT  "movies".* FROM "movies"  WHERE "movies"."id" = ? LIMIT 1  [["id", 2]]
  [1m[36m (0.1ms)[0m  [1mbegin transaction[0m
  [1m[35mSQL (1.2ms)[0m  UPDATE "movies" SET "description" = ?, "released_on" = ?, "updated_at" = ? WHERE "movies"."id" = 2  [["description", "The superest of men fight evil"], ["released_on", "2013-03-25"], ["updated_at", "2015-07-27 01:19:43.979044"]]
  [1m[36m (4.9ms)[0m  [1mcommit transaction[0m
  [1m[35m (0.2ms)[0m  SELECT COUNT(*) FROM "movies"
  [1m[36mMovie Load (0.1ms)[0m  [1mSELECT  "movies".* FROM "movies"  WHERE "movies"."id" = ? LIMIT 1[0m  [["id", 3]]
  [1m[35mMovie Load (0.2ms)[0m  SELECT "movies".* FROM "movies"
  [1m[36mMovie Load (0.2ms)[0m  [1mSELECT  "movies".* FROM "movies"  WHERE "movies"."id" = ? LIMIT 1[0m  [["id", 4]]
  [1m[35mMovie Load (0.2ms)[0m  SELECT "movies".* FROM "movies"
  [1m[36mMovie Load (0.2ms)[0m  [1mSELECT  "movies".* FROM "movies"  WHERE "movies"."id" = ? LIMIT 1[0m  [["id", 4]]
  [1m[35m (0.1ms)[0m  begin transaction
  [1m[36mSQL (0.4ms)[0m  [1mUPDATE "movies" SET "description" = ?, "released_on" = ?, "updated_at" = ? WHERE "movies"."id" = 4[0m  [["description", "Used to be good, now it's just meh"], ["released_on", "2012-10-10"], ["updated_at", "2015-07-27 01:23:35.972266"]]
  [1m[35m (10.8ms)[0m  commit transaction
  [1m[36mMovie Load (0.3ms)[0m  [1mSELECT "movies".* FROM "movies"[0m
  [1m[35mMovie Load (0.2ms)[0m  SELECT  "movies".* FROM "movies"  WHERE "movies"."id" = ? LIMIT 1  [["id", 5]]
  [1m[36mMovie Load (0.2ms)[0m  [1mSELECT  "movies".* FROM "movies"  WHERE "movies"."id" = ? LIMIT 1[0m  [["id", 5]]
  [1m[35m (0.1ms)[0m  begin transaction
  [1m[36mSQL (0.4ms)[0m  [1mUPDATE "movies" SET "description" = ?, "released_on" = ?, "updated_at" = ? WHERE "movies"."id" = 5[0m  [["description", "Used to be good, now it's just meh"], ["released_on", "2012-10-10"], ["updated_at", "2015-07-27 01:25:27.236072"]]
  [1m[35m (10.6ms)[0m  commit transaction
  [1m[36m (0.1ms)[0m  [1mbegin transaction[0m
  [1m[35mSQL (0.4ms)[0m  UPDATE "movies" SET "released_on" = ?, "updated_at" = ? WHERE "movies"."id" = 5  [["released_on", "2015-05-10"], ["updated_at", "2015-07-27 01:25:46.056797"]]
  [1m[36m (4.9ms)[0m  [1mcommit transaction[0m
  [1m[35mMovie Load (0.2ms)[0m  SELECT "movies".* FROM "movies"
  [1m[36m (0.1ms)[0m  [1mbegin transaction[0m
  [1m[35mSQL (0.4ms)[0m  UPDATE "movies" SET "description" = ?, "updated_at" = ? WHERE "movies"."id" = 5  [["description", "Haven't seen it yet, but I want to"], ["updated_at", "2015-07-27 01:26:18.770766"]]
  [1m[36m (1.0ms)[0m  [1mcommit transaction[0m
  [1m[35mMovie Load (0.2ms)[0m  SELECT "movies".* FROM "movies"


Started GET "/movies" for 127.0.0.1 at 2015-07-26 21:26:54 -0400
  [1m[36mActiveRecord::SchemaMigration Load (0.1ms)[0m  [1mSELECT "schema_migrations".* FROM "schema_migrations"[0m
Processing by MoviesController#index as HTML
  [1m[35mMovie Load (0.2ms)[0m  SELECT "movies".* FROM "movies"
  Rendered movies/index.html.erb within layouts/application (9.4ms)
Completed 200 OK in 98ms (Views: 94.8ms | ActiveRecord: 0.7ms)


Started GET "/assets/movies.css?body=1" for 127.0.0.1 at 2015-07-26 21:26:54 -0400


Started GET "/assets/jquery.js?body=1" for 127.0.0.1 at 2015-07-26 21:26:54 -0400


Started GET "/assets/application.css?body=1" for 127.0.0.1 at 2015-07-26 21:26:54 -0400


Started GET "/assets/jquery_ujs.js?body=1" for 127.0.0.1 at 2015-07-26 21:26:54 -0400


Started GET "/assets/turbolinks.js?body=1" for 127.0.0.1 at 2015-07-26 21:26:54 -0400


Started GET "/assets/application.js?body=1" for 127.0.0.1 at 2015-07-26 21:26:54 -0400


Started GET "/assets/movies.js?body=1" for 127.0.0.1 at 2015-07-26 21:26:54 -0400


Started GET "/movies" for 127.0.0.1 at 2015-07-26 21:27:01 -0400
Processing by MoviesController#index as HTML
  [1m[36mMovie Load (0.2ms)[0m  [1mSELECT "movies".* FROM "movies"[0m
  Rendered movies/index.html.erb within layouts/application (2.2ms)
Completed 200 OK in 34ms (Views: 32.7ms | ActiveRecord: 0.2ms)


Started GET "/assets/movies.css?body=1" for 127.0.0.1 at 2015-07-26 21:27:01 -0400


Started GET "/assets/turbolinks.js?body=1" for 127.0.0.1 at 2015-07-26 21:27:01 -0400


Started GET "/assets/application.css?body=1" for 127.0.0.1 at 2015-07-26 21:27:01 -0400


Started GET "/assets/movies.js?body=1" for 127.0.0.1 at 2015-07-26 21:27:01 -0400


Started GET "/assets/jquery.js?body=1" for 127.0.0.1 at 2015-07-26 21:27:01 -0400


Started GET "/assets/application.js?body=1" for 127.0.0.1 at 2015-07-26 21:27:01 -0400


Started GET "/assets/jquery_ujs.js?body=1" for 127.0.0.1 at 2015-07-26 21:27:01 -0400


Started GET "/movies" for 127.0.0.1 at 2015-07-26 21:28:16 -0400
Processing by MoviesController#index as HTML
  [1m[35mMovie Load (0.2ms)[0m  SELECT "movies".* FROM "movies"
  Rendered movies/index.html.erb within layouts/application (3.1ms)
Completed 200 OK in 62ms (Views: 60.8ms | ActiveRecord: 0.2ms)


Started GET "/assets/movies.css?body=1" for 127.0.0.1 at 2015-07-26 21:28:16 -0400


Started GET "/assets/application.css?body=1" for 127.0.0.1 at 2015-07-26 21:28:16 -0400


Started GET "/assets/turbolinks.js?body=1" for 127.0.0.1 at 2015-07-26 21:28:16 -0400


Started GET "/assets/jquery.js?body=1" for 127.0.0.1 at 2015-07-26 21:28:16 -0400


Started GET "/assets/movies.js?body=1" for 127.0.0.1 at 2015-07-26 21:28:16 -0400


Started GET "/assets/jquery_ujs.js?body=1" for 127.0.0.1 at 2015-07-26 21:28:16 -0400


Started GET "/assets/application.js?body=1" for 127.0.0.1 at 2015-07-26 21:28:16 -0400
